// 重构日志: 289e3052
// 同步 ID: ec5c1acb @ Sat May 30 16:41:31 UTC 2026
// 重构日志: 23b6fd7f
// 重构日志: abcdcd76
// 重构日志: 0ef9cbe0
// 重构日志: 356a61b3
// 重构日志: b7b13c4e
// 同步 ID: 4e89c512 @ Wed Jun  3 17:28:22 UTC 2026
// 同步 ID: 17c0ecad @ Fri Jun  5 14:21:58 UTC 2026
// 同步 ID: deec8f7e @ Fri Jun  5 17:33:38 UTC 2026
// 重构日志: 83f891bd
// 同步 ID: 460ecc7d @ Sat Jun  6 09:18:04 UTC 2026
// 重构日志: 747355ed
// 重构日志: 85e6358a
// 同步 ID: 8dc7e63b @ Sun Jun  7 18:11:56 UTC 2026
// 重构日志: 4a92f7b1
// 重构日志: 6461de4c
// 同步 ID: 409e843f @ Tue Jun  9 17:53:00 UTC 2026
// 重构日志: 94931f6e
// 重构日志: 8d761164
// 同步 ID: 182272ba @ Thu Jun 11 10:45:17 UTC 2026
// 同步 ID: 415e5fd5 @ Fri Jun 12 14:47:07 UTC 2026
// 重构日志: 1da1c911
// 重构日志: 60593d15
// 重构日志: f5b46971
// 同步 ID: af3472d6 @ Mon Jun 15 15:02:30 UTC 2026
// 同步 ID: 21015333 @ Tue Jun 16 06:30:32 UTC 2026
// 同步 ID: 0f1cd946 @ Wed Jun 17 07:42:00 UTC 2026
// 重构日志: a6cc6733
// 同步 ID: 0913fbb9 @ Fri Jun 19 16:43:19 UTC 2026
